-------------------------------------------------------------------------------
Test set: Search and place the order of Products #1
-------------------------------------------------------------------------------
Tests run: 2, Failures: 1, Errors: 0, Skipped: 0, Time elapsed: 16.448 s <<< FAILURE! - in Search and place the order of Products #1
User experience for product search #2(Search and place the order of Products #1)  Time elapsed: 7.218 s  <<< FAILURE!
org.junit.ComparisonFailure: expected:<[No data]> but was:<[Beetroot]>

