-------------------------------------------------------------------------------
Test set: Search and place the order of Products #2
-------------------------------------------------------------------------------
Tests run: 2, Failures: 1, Errors: 0, Skipped: 0, Time elapsed: 16.583 s <<< FAILURE! - in Search and place the order of Products #2
User experience for product search #2(Search and place the order of Products #2)  Time elapsed: 7.337 s  <<< FAILURE!
org.junit.ComparisonFailure: expected:<[No data]> but was:<[Beetroot]>

